<?xml version="1.0" encoding="UTF-8"?>
<!-- Generated by org.testng.reporters.JUnitReportReporter -->
<testsuite hostname="LAPTOP-5TRE3P3T" failures="0" tests="1" name="testCases.TC001_Registration" time="2.270" errors="0" timestamp="2025-04-30T11:45:40 IST" skipped="0">
  <testcase classname="testCases.TC001_Registration" name="verify_AccountRegistrationPage" time="2.270"/>
  <system-out/>
</testsuite> <!-- testCases.TC001_Registration -->
