<?xml version="1.0" encoding="UTF-8"?>
<!-- Generated by org.testng.reporters.JUnitReportReporter -->
<testsuite hostname="LAPTOP-5TRE3P3T" failures="0" tests="1" name="testCases.TC004_Searchproduct" time="0.723" errors="0" timestamp="2025-05-06T12:43:28 IST" skipped="0">
  <testcase classname="testCases.TC004_Searchproduct" name="verify_addProductToCart" time="0.723"/>
  <system-out/>
</testsuite> <!-- testCases.TC004_Searchproduct -->
