<?xml version="1.0" encoding="UTF-8"?>
<!-- Generated by org.testng.reporters.JUnitReportReporter -->
<testsuite hostname="LAPTOP-5TRE3P3T" failures="0" tests="1" name="testCases.TC_004_searchproduct" time="11.526" errors="0" timestamp="2025-04-30T18:23:11 IST" skipped="0">
  <testcase classname="testCases.TC_004_searchproduct" name="verify_productSearch" time="11.526"/>
  <system-out/>
</testsuite> <!-- testCases.TC_004_searchproduct -->
